Using pre-set license
Built from '2020.3/release' branch; Version is '2020.3.2f1 (8fd9074bf66c) revision 9427207'; Using compiler version '192528614'; Build Type 'Release'
OS: 'Windows 10 Pro; OS build 19042.1165; Version 2009; 64bit' Language: 'en' Physical Memory: 32684 MB
BatchMode: 1, IsHumanControllingUs: 0, StartBugReporterOnCrash: 0, Is64bit: 1, IsPro: 0

 COMMAND LINE ARGUMENTS:
E:\Program Files\Unity\2020.3.2f1\Editor\Unity.exe
-adb2
-batchMode
-noUpm
-name
AssetImportWorker0
-projectPath
F:/Users/jp/Unity/Machine Learning/ML-Agility Game
-logFile
Logs/AssetImportWorker0.log
-srvPort
29766
Successfully changed project path to: F:/Users/jp/Unity/Machine Learning/ML-Agility Game
F:/Users/jp/Unity/Machine Learning/ML-Agility Game
Using Asset Import Pipeline V2.
Refreshing native plugins compatible for Editor in 69.17 ms, found 1 plugins.
Preloading 0 native plugins for Editor in 0.00 ms.
Initialize engine version: 2020.3.2f1 (8fd9074bf66c)
[Subsystems] Discovering subsystems at path E:/Program Files/Unity/2020.3.2f1/Editor/Data/Resources/UnitySubsystems
[Subsystems] Discovering subsystems at path F:/Users/jp/Unity/Machine Learning/ML-Agility Game/Assets
GfxDevice: creating device client; threaded=0
Direct3D:
    Version:  Direct3D 11.0 [level 11.1]
    Renderer: NVIDIA Quadro M4000 (ID=0x13f1)
    Vendor:   
    VRAM:     8144 MB
    Driver:   27.21.14.6231
Initialize mono
Mono path[0] = 'E:/Program Files/Unity/2020.3.2f1/Editor/Data/Managed'
Mono path[1] = 'E:/Program Files/Unity/2020.3.2f1/Editor/Data/MonoBleedingEdge/lib/mono/unityjit'
Mono config path = 'E:/Program Files/Unity/2020.3.2f1/Editor/Data/MonoBleedingEdge/etc'
Using monoOptions --debugger-agent=transport=dt_socket,embedding=1,server=y,suspend=n,address=127.0.0.1:56484
Begin MonoManager ReloadAssembly
Registering precompiled unity dll's ...
Register platform support module: E:/Program Files/Unity/2020.3.2f1/Editor/Data/PlaybackEngines/WebGLSupport/UnityEditor.WebGL.Extensions.dll
Register platform support module: E:/Program Files/Unity/2020.3.2f1/Editor/Data/PlaybackEngines/WindowsStandaloneSupport/UnityEditor.WindowsStandalone.Extensions.dll
Registered in 0.002890 seconds.
Native extension for WindowsStandalone target not found
Native extension for WebGL target not found
Refreshing native plugins compatible for Editor in 65.26 ms, found 1 plugins.
Preloading 0 native plugins for Editor in 0.00 ms.
Invoked RoslynAnalysisRunner static constructor.
RoslynAnalysisRunner will not be running.
RoslynAnalysisRunner has terminated.
Mono: successfully reloaded assembly
- Completed reload, in  2.230 seconds
Platform modules already initialized, skipping
Registering precompiled user dll's ...
Registered in 0.005701 seconds.
Begin MonoManager ReloadAssembly
Native extension for WindowsStandalone target not found
Native extension for WebGL target not found
Refreshing native plugins compatible for Editor in 64.97 ms, found 1 plugins.
Preloading 0 native plugins for Editor in 0.00 ms.
Invoked RoslynAnalysisRunner static constructor.
RoslynAnalysisRunner will not be running.
RoslynAnalysisRunner has terminated.
Mono: successfully reloaded assembly
- Completed reload, in  3.220 seconds
Platform modules already initialized, skipping
========================================================================
Worker process is ready to serve import requests
Launched and connected shader compiler UnityShaderCompiler.exe after 0.11 seconds
Refreshing native plugins compatible for Editor in 0.66 ms, found 1 plugins.
Preloading 0 native plugins for Editor in 0.00 ms.
Unloading 1584 Unused Serialized files (Serialized files now loaded: 0)
System memory in use before: 78.4 MB.
System memory in use after: 78.5 MB.

Unloading 23 unused Assets to reduce memory usage. Loaded Objects now: 2013.
Total: 3.793900 ms (FindLiveObjects: 0.272500 ms CreateObjectMapping: 0.145200 ms MarkObjects: 3.226700 ms  DeleteObjects: 0.147400 ms)

========================================================================
Received Import Request.
  path: Assets/Scenes/AgilityGameAgent.unity
  artifactKey: Guid(e48b5df000748c84e9286dcc5ebc42ef) Importer(815301076,1909f56bfc062723c751e8b465ee728b)
Start importing Assets/Scenes/AgilityGameAgent.unity using Guid(e48b5df000748c84e9286dcc5ebc42ef) Importer(815301076,1909f56bfc062723c751e8b465ee728b)  -> (artifact id: '9f350146baf08ed22b2a5eb714deb653') in 0.035078 seconds
  Import took 0.040100 seconds .

========================================================================
Received Import Request.
  Time since last request: 59.183011 seconds.
  path: Assets/Scenes/AgilityGameAgentMultipleBalls.unity
  artifactKey: Guid(c520b7ee78d739147b2442631f6cfc26) Importer(815301076,1909f56bfc062723c751e8b465ee728b)
Start importing Assets/Scenes/AgilityGameAgentMultipleBalls.unity using Guid(c520b7ee78d739147b2442631f6cfc26) Importer(815301076,1909f56bfc062723c751e8b465ee728b)  -> (artifact id: '169186b8e81f6fe078415dbb0fb91f8f') in 0.011777 seconds
  Import took 0.016681 seconds .

========================================================================
Received Import Request.
  Time since last request: 0.017382 seconds.
  path: Assets/Scenes/AgilityGameAgentMultipleBalls.unity
  artifactKey: Guid(c520b7ee78d739147b2442631f6cfc26) Importer(815301076,1909f56bfc062723c751e8b465ee728b)
Start importing Assets/Scenes/AgilityGameAgentMultipleBalls.unity using Guid(c520b7ee78d739147b2442631f6cfc26) Importer(815301076,1909f56bfc062723c751e8b465ee728b)  -> (artifact id: '169186b8e81f6fe078415dbb0fb91f8f') in 0.003043 seconds
  Import took 0.007743 seconds .

========================================================================
Received Prepare
Registering precompiled user dll's ...
Registered in 0.005297 seconds.
Begin MonoManager ReloadAssembly
Native extension for WindowsStandalone target not found
Native extension for WebGL target not found
Refreshing native plugins compatible for Editor in 0.70 ms, found 1 plugins.
Preloading 0 native plugins for Editor in 0.00 ms.
Invoked RoslynAnalysisRunner static constructor.
RoslynAnalysisRunner will not be running.
RoslynAnalysisRunner has terminated.
Mono: successfully reloaded assembly
- Completed reload, in  2.026 seconds
Platform modules already initialized, skipping
Refreshing native plugins compatible for Editor in 0.66 ms, found 1 plugins.
Preloading 0 native plugins for Editor in 0.00 ms.
Unloading 1579 Unused Serialized files (Serialized files now loaded: 0)
System memory in use before: 78.4 MB.
System memory in use after: 78.5 MB.

Unloading 18 unused Assets to reduce memory usage. Loaded Objects now: 2016.
Total: 3.644800 ms (FindLiveObjects: 0.262200 ms CreateObjectMapping: 0.139600 ms MarkObjects: 3.141000 ms  DeleteObjects: 0.099900 ms)

========================================================================
Received Import Request.
  Time since last request: 114.306264 seconds.
  path: Assets/Scripts/BoardAgentMultipleBalls.cs
  artifactKey: Guid(1ae5436ea2429904bac44c3d36ff73e3) Importer(815301076,1909f56bfc062723c751e8b465ee728b)
Start importing Assets/Scripts/BoardAgentMultipleBalls.cs using Guid(1ae5436ea2429904bac44c3d36ff73e3) Importer(815301076,1909f56bfc062723c751e8b465ee728b)  -> (artifact id: '8b03b0ead1d8a8a9bcbda225a4b2b42a') in 0.067539 seconds
  Import took 0.072887 seconds .

========================================================================
Received Prepare
Registering precompiled user dll's ...
Registered in 0.005291 seconds.
Begin MonoManager ReloadAssembly
Native extension for WindowsStandalone target not found
Native extension for WebGL target not found
Refreshing native plugins compatible for Editor in 0.72 ms, found 1 plugins.
Preloading 0 native plugins for Editor in 0.00 ms.
Invoked RoslynAnalysisRunner static constructor.
RoslynAnalysisRunner will not be running.
RoslynAnalysisRunner has terminated.
Mono: successfully reloaded assembly
- Completed reload, in  2.037 seconds
Platform modules already initialized, skipping
Refreshing native plugins compatible for Editor in 0.69 ms, found 1 plugins.
Preloading 0 native plugins for Editor in 0.00 ms.
Unloading 1578 Unused Serialized files (Serialized files now loaded: 0)
System memory in use before: 78.4 MB.
System memory in use after: 78.5 MB.

Unloading 19 unused Assets to reduce memory usage. Loaded Objects now: 2018.
Total: 3.650200 ms (FindLiveObjects: 0.247500 ms CreateObjectMapping: 0.139000 ms MarkObjects: 3.160400 ms  DeleteObjects: 0.101000 ms)

========================================================================
Received Import Request.
  Time since last request: 102.225477 seconds.
  path: Assets/Scripts/BoardAgent.cs
  artifactKey: Guid(4ab1498fc4bc6324a89eeedf99576699) Importer(815301076,1909f56bfc062723c751e8b465ee728b)
Start importing Assets/Scripts/BoardAgent.cs using Guid(4ab1498fc4bc6324a89eeedf99576699) Importer(815301076,1909f56bfc062723c751e8b465ee728b)  -> (artifact id: '0e999eef54ddb88f655e91e4f415b993') in 0.032061 seconds
  Import took 0.037180 seconds .

========================================================================
Received Import Request.
  Time since last request: 0.051368 seconds.
  path: Assets/Scripts/BoardAgent.cs
  artifactKey: Guid(4ab1498fc4bc6324a89eeedf99576699) Importer(815301076,1909f56bfc062723c751e8b465ee728b)
Start importing Assets/Scripts/BoardAgent.cs using Guid(4ab1498fc4bc6324a89eeedf99576699) Importer(815301076,1909f56bfc062723c751e8b465ee728b)  -> (artifact id: '0e999eef54ddb88f655e91e4f415b993') in 0.010232 seconds
  Import took 0.015448 seconds .

========================================================================
Received Import Request.
  Time since last request: 624.480069 seconds.
  path: Assets/Scenes/AgilityGameAgent.unity
  artifactKey: Guid(e48b5df000748c84e9286dcc5ebc42ef) Importer(815301076,1909f56bfc062723c751e8b465ee728b)
Start importing Assets/Scenes/AgilityGameAgent.unity using Guid(e48b5df000748c84e9286dcc5ebc42ef) Importer(815301076,1909f56bfc062723c751e8b465ee728b)  -> (artifact id: '5c4dff1e35da86c2486fe22be4b64139') in 0.026224 seconds
  Import took 0.032353 seconds .

AssetImportWorkerClient::OnTransportError - code=2 error=End of file
